  [1m[36m (1.2ms)[0m  [1mCREATE TABLE "schema_migrations" ("version" varchar NOT NULL) [0m
  [1m[35m (0.1ms)[0m  select sqlite_version(*)
  [1m[36m (0.9ms)[0m  [1mCREATE UNIQUE INDEX "unique_schema_migrations" ON "schema_migrations" ("version")[0m
  [1m[35mActiveRecord::SchemaMigration Load (0.1ms)[0m  SELECT "schema_migrations".* FROM "schema_migrations"
Migrating to CreateUsers (20170308202303)
  [1m[36m (0.1ms)[0m  [1mbegin transaction[0m
  [1m[35m (0.4ms)[0m  CREATE TABLE "users" ("id" INTEGER PRIMARY KEY AUTOINCREMENT NOT NULL, "name" varchar, "created_at" datetime NOT NULL, "updated_at" datetime NOT NULL) 
  [1m[36mSQL (0.2ms)[0m  [1mINSERT INTO "schema_migrations" ("version") VALUES (?)[0m  [["version", "20170308202303"]]
  [1m[35m (0.7ms)[0m  commit transaction
  [1m[36mActiveRecord::SchemaMigration Load (0.1ms)[0m  [1mSELECT "schema_migrations".* FROM "schema_migrations"[0m


Started GET "/users/new" for ::1 at 2017-03-08 15:24:19 -0500
  [1m[36mActiveRecord::SchemaMigration Load (0.4ms)[0m  [1mSELECT "schema_migrations".* FROM "schema_migrations"[0m
Processing by UsersController#new as HTML
  Rendered users/new.html.erb within layouts/application (1.7ms)
Completed 200 OK in 926ms (Views: 915.9ms | ActiveRecord: 0.0ms)


Started GET "/assets/users.self-e3b0c44298fc1c149afbf4c8996fb92427ae41e4649b934ca495991b7852b855.css?body=1" for ::1 at 2017-03-08 15:24:20 -0500


Started GET "/assets/users.self-877aef30ae1b040ab8a3aba4e3e309a11d7f2612f44dde450b5c157aa5f95c05.js?body=1" for ::1 at 2017-03-08 15:24:20 -0500


Started GET "/assets/jquery.self-bd7ddd393353a8d2480a622e80342adf488fb6006d667e8b42e4c0073393abee.js?body=1" for ::1 at 2017-03-08 15:24:20 -0500


Started GET "/assets/turbolinks.self-c5acd7a204f5f25ce7a1d8a0e4d92e28d34c9e2df2c7371cd7af88e147e4ad82.js?body=1" for ::1 at 2017-03-08 15:24:20 -0500


Started GET "/assets/jquery_ujs.self-784a997f6726036b1993eb2217c9cb558e1cbb801c6da88105588c56f13b466a.js?body=1" for ::1 at 2017-03-08 15:24:20 -0500


Started GET "/auth/facebook" for ::1 at 2017-03-08 15:24:22 -0500


Started GET "/auth/facebook" for ::1 at 2017-03-08 15:24:22 -0500


Started GET "/users/new" for ::1 at 2017-03-08 15:25:49 -0500
Processing by UsersController#new as HTML
  Rendered users/new.html.erb within layouts/application (1.1ms)
Completed 200 OK in 43ms (Views: 42.0ms | ActiveRecord: 0.0ms)


Started GET "/auth/facebook" for ::1 at 2017-03-08 15:25:50 -0500


Started GET "/auth/facebook" for ::1 at 2017-03-08 15:25:50 -0500


Started GET "/users/new" for ::1 at 2017-03-08 15:27:13 -0500
Processing by UsersController#new as HTML
  Rendered users/new.html.erb within layouts/application (0.1ms)
Completed 200 OK in 34ms (Views: 33.1ms | ActiveRecord: 0.0ms)


Started GET "/auth/facebook" for ::1 at 2017-03-08 15:27:13 -0500


Started GET "/auth/facebook" for ::1 at 2017-03-08 15:27:14 -0500


Started GET "/auth/facebook" for ::1 at 2017-03-08 15:27:44 -0500


Started GET "/auth/facebook" for ::1 at 2017-03-08 15:27:44 -0500


Started GET "/users/new" for ::1 at 2017-03-08 15:28:09 -0500
  [1m[36mActiveRecord::SchemaMigration Load (0.4ms)[0m  [1mSELECT "schema_migrations".* FROM "schema_migrations"[0m
Processing by UsersController#new as HTML
  Rendered users/new.html.erb within layouts/application (1.7ms)
Completed 200 OK in 238ms (Views: 228.6ms | ActiveRecord: 0.0ms)


Started GET "/auth/facebook" for ::1 at 2017-03-08 15:28:11 -0500


Started GET "/auth/facebook" for ::1 at 2017-03-08 15:28:11 -0500


Started GET "/auth/facebook" for ::1 at 2017-03-08 15:28:28 -0500


Started GET "/auth/facebook" for ::1 at 2017-03-08 15:28:28 -0500


Started GET "/users/new" for ::1 at 2017-03-08 15:30:06 -0500
  [1m[36mActiveRecord::SchemaMigration Load (0.1ms)[0m  [1mSELECT "schema_migrations".* FROM "schema_migrations"[0m
Processing by UsersController#new as HTML
  Rendered users/new.html.erb within layouts/application (1.9ms)
Completed 200 OK in 216ms (Views: 205.4ms | ActiveRecord: 0.0ms)


Started GET "/auth/facebook" for ::1 at 2017-03-08 15:30:08 -0500


Started GET "/auth/facebook" for ::1 at 2017-03-08 15:30:08 -0500


Started GET "/users/new" for ::1 at 2017-03-08 15:32:29 -0500
  [1m[36mActiveRecord::SchemaMigration Load (0.2ms)[0m  [1mSELECT "schema_migrations".* FROM "schema_migrations"[0m
Processing by UsersController#new as HTML
  Rendered users/new.html.erb within layouts/application (1.6ms)
Completed 200 OK in 350ms (Views: 330.9ms | ActiveRecord: 0.0ms)


Started GET "/auth/facebook" for ::1 at 2017-03-08 15:32:31 -0500


Started GET "/auth/facebook" for ::1 at 2017-03-08 15:32:31 -0500


Started GET "/auth/facebook" for ::1 at 2017-03-08 15:34:13 -0500


Started GET "/auth/facebook" for ::1 at 2017-03-08 15:34:13 -0500


Started GET "/auth/facebook" for ::1 at 2017-03-08 15:39:58 -0500


Started GET "/auth/facebook" for ::1 at 2017-03-08 15:39:58 -0500


Started GET "/auth/facebook" for ::1 at 2017-03-08 15:40:02 -0500


Started GET "/auth/facebook" for ::1 at 2017-03-08 15:40:02 -0500


Started GET "/users/new" for ::1 at 2017-03-08 15:40:42 -0500
  [1m[36mActiveRecord::SchemaMigration Load (0.3ms)[0m  [1mSELECT "schema_migrations".* FROM "schema_migrations"[0m
Processing by UsersController#new as HTML
  Rendered users/new.html.erb within layouts/application (1.7ms)
Completed 200 OK in 251ms (Views: 241.4ms | ActiveRecord: 0.0ms)


Started GET "/auth/facebook" for ::1 at 2017-03-08 15:40:44 -0500


Started GET "/auth/facebook" for ::1 at 2017-03-08 15:40:45 -0500


Started GET "/users/new" for ::1 at 2017-03-08 15:41:30 -0500
  [1m[36mActiveRecord::SchemaMigration Load (0.2ms)[0m  [1mSELECT "schema_migrations".* FROM "schema_migrations"[0m
Processing by UsersController#new as HTML
  Rendered users/new.html.erb within layouts/application (2.0ms)
Completed 200 OK in 240ms (Views: 229.2ms | ActiveRecord: 0.0ms)


Started GET "/auth/facebook" for ::1 at 2017-03-08 15:41:32 -0500


Started GET "/auth/facebook" for ::1 at 2017-03-08 15:41:32 -0500


Started GET "/users/new" for ::1 at 2017-03-08 15:44:21 -0500
  [1m[36mActiveRecord::SchemaMigration Load (0.2ms)[0m  [1mSELECT "schema_migrations".* FROM "schema_migrations"[0m
Processing by UsersController#new as HTML
  Rendered users/new.html.erb within layouts/application (1.6ms)
Completed 200 OK in 242ms (Views: 231.6ms | ActiveRecord: 0.0ms)


Started GET "/auth/facebook" for ::1 at 2017-03-08 15:44:24 -0500


Started GET "/auth/facebook" for ::1 at 2017-03-08 15:44:24 -0500


Started GET "/users/new" for ::1 at 2017-03-08 15:46:50 -0500
  [1m[36mActiveRecord::SchemaMigration Load (0.2ms)[0m  [1mSELECT "schema_migrations".* FROM "schema_migrations"[0m
Processing by UsersController#new as HTML
  Rendered users/new.html.erb within layouts/application (1.6ms)
Completed 200 OK in 246ms (Views: 234.3ms | ActiveRecord: 0.0ms)


Started GET "/auth/facebook" for ::1 at 2017-03-08 15:46:53 -0500


Started GET "/auth/facebook" for ::1 at 2017-03-08 15:46:53 -0500


Started GET "/users/new" for ::1 at 2017-03-08 15:56:38 -0500
Processing by UsersController#new as HTML
  Rendered users/new.html.erb within layouts/application (10.8ms)
Completed 500 Internal Server Error in 15ms (ActiveRecord: 0.0ms)

SyntaxError (/Users/jeff/Dev/More-Rails/omniauth_readme-web-0217/app/views/users/new.html.erb:1: unknown regexp options - facbk):
  app/views/users/new.html.erb:1: unknown regexp options - facbk


  Rendered /Users/jeff/.rvm/gems/ruby-2.3.0/gems/actionpack-4.2.2/lib/action_dispatch/middleware/templates/rescues/_source.erb (9.6ms)
  Rendered /Users/jeff/.rvm/gems/ruby-2.3.0/gems/actionpack-4.2.2/lib/action_dispatch/middleware/templates/rescues/_trace.html.erb (4.5ms)
  Rendered /Users/jeff/.rvm/gems/ruby-2.3.0/gems/actionpack-4.2.2/lib/action_dispatch/middleware/templates/rescues/_request_and_response.html.erb (1.5ms)
  Rendered /Users/jeff/.rvm/gems/ruby-2.3.0/gems/actionpack-4.2.2/lib/action_dispatch/middleware/templates/rescues/diagnostics.html.erb within rescues/layout (73.5ms)
  Rendered /Users/jeff/.rvm/gems/ruby-2.3.0/gems/web-console-2.3.0/lib/web_console/templates/_markup.html.erb (0.4ms)
  Rendered /Users/jeff/.rvm/gems/ruby-2.3.0/gems/web-console-2.3.0/lib/web_console/templates/_inner_console_markup.html.erb within layouts/inlined_string (0.9ms)
  Rendered /Users/jeff/.rvm/gems/ruby-2.3.0/gems/web-console-2.3.0/lib/web_console/templates/_prompt_box_markup.html.erb within layouts/inlined_string (0.3ms)
  Rendered /Users/jeff/.rvm/gems/ruby-2.3.0/gems/web-console-2.3.0/lib/web_console/templates/style.css.erb within layouts/inlined_string (0.9ms)
  Rendered /Users/jeff/.rvm/gems/ruby-2.3.0/gems/web-console-2.3.0/lib/web_console/templates/console.js.erb within layouts/javascript (74.5ms)
  Rendered /Users/jeff/.rvm/gems/ruby-2.3.0/gems/web-console-2.3.0/lib/web_console/templates/main.js.erb within layouts/javascript (0.7ms)
  Rendered /Users/jeff/.rvm/gems/ruby-2.3.0/gems/web-console-2.3.0/lib/web_console/templates/error_page.js.erb within layouts/javascript (0.8ms)
  Rendered /Users/jeff/.rvm/gems/ruby-2.3.0/gems/web-console-2.3.0/lib/web_console/templates/index.html.erb (149.8ms)


Started GET "/users/new" for ::1 at 2017-03-08 15:57:00 -0500
Processing by UsersController#new as HTML
  Rendered users/new.html.erb within layouts/application (0.8ms)
Completed 200 OK in 33ms (Views: 32.4ms | ActiveRecord: 0.0ms)


Started GET "/auth/facebook" for ::1 at 2017-03-08 15:57:02 -0500


Started GET "/auth/facebook" for ::1 at 2017-03-08 15:57:03 -0500


Started GET "/users/new" for ::1 at 2017-03-08 15:57:25 -0500
Processing by UsersController#new as HTML
  Rendered users/new.html.erb within layouts/application (1.8ms)
Completed 500 Internal Server Error in 6ms (ActiveRecord: 0.0ms)

SyntaxError (/Users/jeff/Dev/More-Rails/omniauth_readme-web-0217/app/views/users/new.html.erb:1: unknown regexp options - facbk):
  app/views/users/new.html.erb:1: unknown regexp options - facbk


  Rendered /Users/jeff/.rvm/gems/ruby-2.3.0/gems/actionpack-4.2.2/lib/action_dispatch/middleware/templates/rescues/_source.erb (7.4ms)
  Rendered /Users/jeff/.rvm/gems/ruby-2.3.0/gems/actionpack-4.2.2/lib/action_dispatch/middleware/templates/rescues/_trace.html.erb (2.5ms)
  Rendered /Users/jeff/.rvm/gems/ruby-2.3.0/gems/actionpack-4.2.2/lib/action_dispatch/middleware/templates/rescues/_request_and_response.html.erb (0.8ms)
  Rendered /Users/jeff/.rvm/gems/ruby-2.3.0/gems/actionpack-4.2.2/lib/action_dispatch/middleware/templates/rescues/diagnostics.html.erb within rescues/layout (60.7ms)
  Rendered /Users/jeff/.rvm/gems/ruby-2.3.0/gems/web-console-2.3.0/lib/web_console/templates/_markup.html.erb (0.5ms)
  Rendered /Users/jeff/.rvm/gems/ruby-2.3.0/gems/web-console-2.3.0/lib/web_console/templates/_inner_console_markup.html.erb within layouts/inlined_string (0.3ms)
  Rendered /Users/jeff/.rvm/gems/ruby-2.3.0/gems/web-console-2.3.0/lib/web_console/templates/_prompt_box_markup.html.erb within layouts/inlined_string (0.3ms)
  Rendered /Users/jeff/.rvm/gems/ruby-2.3.0/gems/web-console-2.3.0/lib/web_console/templates/style.css.erb within layouts/inlined_string (0.4ms)
  Rendered /Users/jeff/.rvm/gems/ruby-2.3.0/gems/web-console-2.3.0/lib/web_console/templates/console.js.erb within layouts/javascript (49.9ms)
  Rendered /Users/jeff/.rvm/gems/ruby-2.3.0/gems/web-console-2.3.0/lib/web_console/templates/main.js.erb within layouts/javascript (0.3ms)
  Rendered /Users/jeff/.rvm/gems/ruby-2.3.0/gems/web-console-2.3.0/lib/web_console/templates/error_page.js.erb within layouts/javascript (0.4ms)
  Rendered /Users/jeff/.rvm/gems/ruby-2.3.0/gems/web-console-2.3.0/lib/web_console/templates/index.html.erb (107.7ms)


Started GET "/users/new" for ::1 at 2017-03-08 15:58:16 -0500
Processing by UsersController#new as HTML
  Rendered users/new.html.erb within layouts/application (0.4ms)
Completed 200 OK in 17ms (Views: 16.6ms | ActiveRecord: 0.0ms)


Started GET "/auth/facebook/callback?error=access_denied&error_code=200&error_description=Permissions+error&error_reason=user_denied&state=888da64b34ff78a87cd92721246fc15e5d4e73284c784666" for ::1 at 2017-03-08 15:58:19 -0500

OmniAuth::Strategies::Facebook::NoAuthorizationCodeError (must pass either a `code` (via URL or by an `fbsr_XXX` signed request cookie)):
  omniauth-facebook (4.0.0) lib/omniauth/strategies/facebook.rb:147:in `with_authorization_code!'
  omniauth-facebook (4.0.0) lib/omniauth/strategies/facebook.rb:66:in `callback_phase'
  omniauth (1.6.1) lib/omniauth/strategy.rb:230:in `callback_call'
  omniauth (1.6.1) lib/omniauth/strategy.rb:187:in `call!'
  omniauth (1.6.1) lib/omniauth/strategy.rb:167:in `call'
  omniauth (1.6.1) lib/omniauth/builder.rb:63:in `call'
  rack (1.6.4) lib/rack/etag.rb:24:in `call'
  rack (1.6.4) lib/rack/conditionalget.rb:25:in `call'
  rack (1.6.4) lib/rack/head.rb:13:in `call'
  actionpack (4.2.2) lib/action_dispatch/middleware/params_parser.rb:27:in `call'
  actionpack (4.2.2) lib/action_dispatch/middleware/flash.rb:260:in `call'
  rack (1.6.4) lib/rack/session/abstract/id.rb:225:in `context'
  rack (1.6.4) lib/rack/session/abstract/id.rb:220:in `call'
  actionpack (4.2.2) lib/action_dispatch/middleware/cookies.rb:560:in `call'
  activerecord (4.2.2) lib/active_record/query_cache.rb:36:in `call'
  activerecord (4.2.2) lib/active_record/connection_adapters/abstract/connection_pool.rb:649:in `call'
  activerecord (4.2.2) lib/active_record/migration.rb:378:in `call'
  actionpack (4.2.2) lib/action_dispatch/middleware/callbacks.rb:29:in `block in call'
  activesupport (4.2.2) lib/active_support/callbacks.rb:88:in `_run_callbacks'
  activesupport (4.2.2) lib/active_support/callbacks.rb:776:in `_run_call_callbacks'
  activesupport (4.2.2) lib/active_support/callbacks.rb:81:in `run_callbacks'
  actionpack (4.2.2) lib/action_dispatch/middleware/callbacks.rb:27:in `call'
  actionpack (4.2.2) lib/action_dispatch/middleware/reloader.rb:73:in `call'
  actionpack (4.2.2) lib/action_dispatch/middleware/remote_ip.rb:78:in `call'
  actionpack (4.2.2) lib/action_dispatch/middleware/debug_exceptions.rb:17:in `call'
  web-console (2.3.0) lib/web_console/middleware.rb:28:in `block in call'
  web-console (2.3.0) lib/web_console/middleware.rb:18:in `catch'
  web-console (2.3.0) lib/web_console/middleware.rb:18:in `call'
  actionpack (4.2.2) lib/action_dispatch/middleware/show_exceptions.rb:30:in `call'
  railties (4.2.2) lib/rails/rack/logger.rb:38:in `call_app'
  railties (4.2.2) lib/rails/rack/logger.rb:20:in `block in call'
  activesupport (4.2.2) lib/active_support/tagged_logging.rb:68:in `block in tagged'
  activesupport (4.2.2) lib/active_support/tagged_logging.rb:26:in `tagged'
  activesupport (4.2.2) lib/active_support/tagged_logging.rb:68:in `tagged'
  railties (4.2.2) lib/rails/rack/logger.rb:20:in `call'
  actionpack (4.2.2) lib/action_dispatch/middleware/request_id.rb:21:in `call'
  rack (1.6.4) lib/rack/methodoverride.rb:22:in `call'
  rack (1.6.4) lib/rack/runtime.rb:18:in `call'
  activesupport (4.2.2) lib/active_support/cache/strategy/local_cache_middleware.rb:28:in `call'
  rack (1.6.4) lib/rack/lock.rb:17:in `call'
  actionpack (4.2.2) lib/action_dispatch/middleware/static.rb:113:in `call'
  rack (1.6.4) lib/rack/sendfile.rb:113:in `call'
  railties (4.2.2) lib/rails/engine.rb:518:in `call'
  railties (4.2.2) lib/rails/application.rb:164:in `call'
  rack (1.6.4) lib/rack/lock.rb:17:in `call'
  rack (1.6.4) lib/rack/content_length.rb:15:in `call'
  rack (1.6.4) lib/rack/handler/webrick.rb:88:in `service'
  /Users/jeff/.rvm/rubies/ruby-2.3.0/lib/ruby/2.3.0/webrick/httpserver.rb:140:in `service'
  /Users/jeff/.rvm/rubies/ruby-2.3.0/lib/ruby/2.3.0/webrick/httpserver.rb:96:in `run'
  /Users/jeff/.rvm/rubies/ruby-2.3.0/lib/ruby/2.3.0/webrick/server.rb:296:in `block in start_thread'


  Rendered /Users/jeff/.rvm/gems/ruby-2.3.0/gems/actionpack-4.2.2/lib/action_dispatch/middleware/templates/rescues/_source.erb (15.5ms)
  Rendered /Users/jeff/.rvm/gems/ruby-2.3.0/gems/actionpack-4.2.2/lib/action_dispatch/middleware/templates/rescues/_trace.html.erb (1.6ms)
  Rendered /Users/jeff/.rvm/gems/ruby-2.3.0/gems/actionpack-4.2.2/lib/action_dispatch/middleware/templates/rescues/_request_and_response.html.erb (1.6ms)
  Rendered /Users/jeff/.rvm/gems/ruby-2.3.0/gems/actionpack-4.2.2/lib/action_dispatch/middleware/templates/rescues/diagnostics.html.erb within rescues/layout (201.0ms)
  Rendered /Users/jeff/.rvm/gems/ruby-2.3.0/gems/web-console-2.3.0/lib/web_console/templates/_markup.html.erb (0.4ms)
  Rendered /Users/jeff/.rvm/gems/ruby-2.3.0/gems/web-console-2.3.0/lib/web_console/templates/_inner_console_markup.html.erb within layouts/inlined_string (0.4ms)
  Rendered /Users/jeff/.rvm/gems/ruby-2.3.0/gems/web-console-2.3.0/lib/web_console/templates/_prompt_box_markup.html.erb within layouts/inlined_string (0.3ms)
  Rendered /Users/jeff/.rvm/gems/ruby-2.3.0/gems/web-console-2.3.0/lib/web_console/templates/style.css.erb within layouts/inlined_string (0.4ms)
  Rendered /Users/jeff/.rvm/gems/ruby-2.3.0/gems/web-console-2.3.0/lib/web_console/templates/console.js.erb within layouts/javascript (50.4ms)
  Rendered /Users/jeff/.rvm/gems/ruby-2.3.0/gems/web-console-2.3.0/lib/web_console/templates/main.js.erb within layouts/javascript (0.3ms)
  Rendered /Users/jeff/.rvm/gems/ruby-2.3.0/gems/web-console-2.3.0/lib/web_console/templates/error_page.js.erb within layouts/javascript (0.5ms)
  Rendered /Users/jeff/.rvm/gems/ruby-2.3.0/gems/web-console-2.3.0/lib/web_console/templates/index.html.erb (113.4ms)
